c:\users\sercy\documents\further studies\clips\clips_windows_projects_640\mvs_2017\clipsclrwrapper\intermediate\x64\release\vc141.pdb
c:\users\sercy\documents\further studies\clips\clips_windows_projects_640\mvs_2017\clipsclrwrapper\intermediate\x64\release\cstrccom.obj
c:\users\sercy\documents\further studies\clips\clips_windows_projects_640\mvs_2017\clipsclrwrapper\intermediate\x64\release\cstrcbin.obj
c:\users\sercy\documents\further studies\clips\clips_windows_projects_640\mvs_2017\clipsclrwrapper\intermediate\x64\release\crstrtgy.obj
c:\users\sercy\documents\further studies\clips\clips_windows_projects_640\mvs_2017\clipsclrwrapper\intermediate\x64\release\constrnt.obj
c:\users\sercy\documents\further studies\clips\clips_windows_projects_640\mvs_2017\clipsclrwrapper\intermediate\x64\release\constrct.obj
c:\users\sercy\documents\further studies\clips\clips_windows_projects_640\mvs_2017\clipsclrwrapper\intermediate\x64\release\conscomp.obj
c:\users\sercy\documents\further studies\clips\clips_windows_projects_640\mvs_2017\clipsclrwrapper\intermediate\x64\release\commline.obj
c:\users\sercy\documents\further studies\clips\clips_windows_projects_640\mvs_2017\clipsclrwrapper\intermediate\x64\release\clsltpsr.obj
c:\users\sercy\documents\further studies\clips\clips_windows_projects_640\mvs_2017\clipsclrwrapper\intermediate\x64\release\classpsr.obj
c:\users\sercy\documents\further studies\clips\clips_windows_projects_640\mvs_2017\clipsclrwrapper\intermediate\x64\release\classini.obj
c:\users\sercy\documents\further studies\clips\clips_windows_projects_640\mvs_2017\clipsclrwrapper\intermediate\x64\release\classinf.obj
c:\users\sercy\documents\further studies\clips\clips_windows_projects_640\mvs_2017\clipsclrwrapper\intermediate\x64\release\classfun.obj
c:\users\sercy\documents\further studies\clips\clips_windows_projects_640\mvs_2017\clipsclrwrapper\intermediate\x64\release\classexm.obj
c:\users\sercy\documents\further studies\clips\clips_windows_projects_640\mvs_2017\clipsclrwrapper\intermediate\x64\release\classcom.obj
c:\users\sercy\documents\further studies\clips\clips_windows_projects_640\mvs_2017\clipsclrwrapper\intermediate\x64\release\bsave.obj
c:\users\sercy\documents\further studies\clips\clips_windows_projects_640\mvs_2017\clipsclrwrapper\intermediate\x64\release\bmathfun.obj
c:\users\sercy\documents\further studies\clips\clips_windows_projects_640\mvs_2017\clipsclrwrapper\intermediate\x64\release\bload.obj
c:\users\sercy\documents\further studies\clips\clips_windows_projects_640\mvs_2017\clipsclrwrapper\intermediate\x64\release\argacces.obj
c:\users\sercy\documents\further studies\clips\clips_windows_projects_640\mvs_2017\clipsclrwrapper\intermediate\x64\release\analysis.obj
c:\users\sercy\documents\further studies\clips\clips_windows_projects_640\mvs_2017\clipsclrwrapper\intermediate\x64\release\agenda.obj
c:\users\sercy\documents\further studies\clips\clips_windows_projects_640\mvs_2017\clipsclrwrapper\intermediate\x64\release\dffnxpsr.obj
c:\users\sercy\documents\further studies\clips\clips_windows_projects_640\mvs_2017\clipsclrwrapper\intermediate\x64\release\dffnxfun.obj
c:\users\sercy\documents\further studies\clips\clips_windows_projects_640\mvs_2017\clipsclrwrapper\intermediate\x64\release\dffnxexe.obj
c:\users\sercy\documents\further studies\clips\clips_windows_projects_640\mvs_2017\clipsclrwrapper\intermediate\x64\release\dffnxcmp.obj
c:\users\sercy\documents\further studies\clips\clips_windows_projects_640\mvs_2017\clipsclrwrapper\intermediate\x64\release\dffnxbin.obj
c:\users\sercy\documents\further studies\clips\clips_windows_projects_640\mvs_2017\clipsclrwrapper\intermediate\x64\release\dffctpsr.obj
c:\users\sercy\documents\further studies\clips\clips_windows_projects_640\mvs_2017\clipsclrwrapper\intermediate\x64\release\dffctdef.obj
c:\users\sercy\documents\further studies\clips\clips_windows_projects_640\mvs_2017\clipsclrwrapper\intermediate\x64\release\dffctcmp.obj
c:\users\sercy\documents\further studies\clips\clips_windows_projects_640\mvs_2017\clipsclrwrapper\intermediate\x64\release\dffctbsc.obj
c:\users\sercy\documents\further studies\clips\clips_windows_projects_640\mvs_2017\clipsclrwrapper\intermediate\x64\release\dffctbin.obj
c:\users\sercy\documents\further studies\clips\clips_windows_projects_640\mvs_2017\clipsclrwrapper\intermediate\x64\release\developr.obj
c:\users\sercy\documents\further studies\clips\clips_windows_projects_640\mvs_2017\clipsclrwrapper\intermediate\x64\release\defins.obj
c:\users\sercy\documents\further studies\clips\clips_windows_projects_640\mvs_2017\clipsclrwrapper\intermediate\x64\release\default.obj
c:\users\sercy\documents\further studies\clips\clips_windows_projects_640\mvs_2017\clipsclrwrapper\intermediate\x64\release\cstrnutl.obj
c:\users\sercy\documents\further studies\clips\clips_windows_projects_640\mvs_2017\clipsclrwrapper\intermediate\x64\release\cstrnpsr.obj
c:\users\sercy\documents\further studies\clips\clips_windows_projects_640\mvs_2017\clipsclrwrapper\intermediate\x64\release\cstrnops.obj
c:\users\sercy\documents\further studies\clips\clips_windows_projects_640\mvs_2017\clipsclrwrapper\intermediate\x64\release\cstrncmp.obj
c:\users\sercy\documents\further studies\clips\clips_windows_projects_640\mvs_2017\clipsclrwrapper\intermediate\x64\release\cstrnchk.obj
c:\users\sercy\documents\further studies\clips\clips_windows_projects_640\mvs_2017\clipsclrwrapper\intermediate\x64\release\cstrnbin.obj
c:\users\sercy\documents\further studies\clips\clips_windows_projects_640\mvs_2017\clipsclrwrapper\intermediate\x64\release\cstrcpsr.obj
c:\users\sercy\documents\further studies\clips\clips_windows_projects_640\mvs_2017\clipsclrwrapper\intermediate\x64\release\facthsh.obj
c:\users\sercy\documents\further studies\clips\clips_windows_projects_640\mvs_2017\clipsclrwrapper\intermediate\x64\release\factgen.obj
c:\users\sercy\documents\further studies\clips\clips_windows_projects_640\mvs_2017\clipsclrwrapper\intermediate\x64\release\factfun.obj
c:\users\sercy\documents\further studies\clips\clips_windows_projects_640\mvs_2017\clipsclrwrapper\intermediate\x64\release\factcom.obj
c:\users\sercy\documents\further studies\clips\clips_windows_projects_640\mvs_2017\clipsclrwrapper\intermediate\x64\release\factcmp.obj
c:\users\sercy\documents\further studies\clips\clips_windows_projects_640\mvs_2017\clipsclrwrapper\intermediate\x64\release\factbld.obj
c:\users\sercy\documents\further studies\clips\clips_windows_projects_640\mvs_2017\clipsclrwrapper\intermediate\x64\release\factbin.obj
c:\users\sercy\documents\further studies\clips\clips_windows_projects_640\mvs_2017\clipsclrwrapper\intermediate\x64\release\extnfunc.obj
c:\users\sercy\documents\further studies\clips\clips_windows_projects_640\mvs_2017\clipsclrwrapper\intermediate\x64\release\exprnpsr.obj
c:\users\sercy\documents\further studies\clips\clips_windows_projects_640\mvs_2017\clipsclrwrapper\intermediate\x64\release\exprnops.obj
c:\users\sercy\documents\further studies\clips\clips_windows_projects_640\mvs_2017\clipsclrwrapper\intermediate\x64\release\exprnbin.obj
c:\users\sercy\documents\further studies\clips\clips_windows_projects_640\mvs_2017\clipsclrwrapper\intermediate\x64\release\expressn.obj
c:\users\sercy\documents\further studies\clips\clips_windows_projects_640\mvs_2017\clipsclrwrapper\intermediate\x64\release\evaluatn.obj
c:\users\sercy\documents\further studies\clips\clips_windows_projects_640\mvs_2017\clipsclrwrapper\intermediate\x64\release\envrnmnt.obj
c:\users\sercy\documents\further studies\clips\clips_windows_projects_640\mvs_2017\clipsclrwrapper\intermediate\x64\release\envrnbld.obj
c:\users\sercy\documents\further studies\clips\clips_windows_projects_640\mvs_2017\clipsclrwrapper\intermediate\x64\release\engine.obj
c:\users\sercy\documents\further studies\clips\clips_windows_projects_640\mvs_2017\clipsclrwrapper\intermediate\x64\release\emathfun.obj
c:\users\sercy\documents\further studies\clips\clips_windows_projects_640\mvs_2017\clipsclrwrapper\intermediate\x64\release\drive.obj
c:\users\sercy\documents\further studies\clips\clips_windows_projects_640\mvs_2017\clipsclrwrapper\intermediate\x64\release\dfinscmp.obj
c:\users\sercy\documents\further studies\clips\clips_windows_projects_640\mvs_2017\clipsclrwrapper\intermediate\x64\release\dfinsbin.obj
c:\users\sercy\documents\further studies\clips\clips_windows_projects_640\mvs_2017\clipsclrwrapper\intermediate\x64\release\globlbsc.obj
c:\users\sercy\documents\further studies\clips\clips_windows_projects_640\mvs_2017\clipsclrwrapper\intermediate\x64\release\globlbin.obj
c:\users\sercy\documents\further studies\clips\clips_windows_projects_640\mvs_2017\clipsclrwrapper\intermediate\x64\release\genrcpsr.obj
c:\users\sercy\documents\further studies\clips\clips_windows_projects_640\mvs_2017\clipsclrwrapper\intermediate\x64\release\genrcfun.obj
c:\users\sercy\documents\further studies\clips\clips_windows_projects_640\mvs_2017\clipsclrwrapper\intermediate\x64\release\genrcexe.obj
c:\users\sercy\documents\further studies\clips\clips_windows_projects_640\mvs_2017\clipsclrwrapper\intermediate\x64\release\genrccom.obj
c:\users\sercy\documents\further studies\clips\clips_windows_projects_640\mvs_2017\clipsclrwrapper\intermediate\x64\release\genrccmp.obj
c:\users\sercy\documents\further studies\clips\clips_windows_projects_640\mvs_2017\clipsclrwrapper\intermediate\x64\release\genrcbin.obj
c:\users\sercy\documents\further studies\clips\clips_windows_projects_640\mvs_2017\clipsclrwrapper\intermediate\x64\release\generate.obj
c:\users\sercy\documents\further studies\clips\clips_windows_projects_640\mvs_2017\clipsclrwrapper\intermediate\x64\release\fileutil.obj
c:\users\sercy\documents\further studies\clips\clips_windows_projects_640\mvs_2017\clipsclrwrapper\intermediate\x64\release\filertr.obj
c:\users\sercy\documents\further studies\clips\clips_windows_projects_640\mvs_2017\clipsclrwrapper\intermediate\x64\release\filecom.obj
c:\users\sercy\documents\further studies\clips\clips_windows_projects_640\mvs_2017\clipsclrwrapper\intermediate\x64\release\factrhs.obj
c:\users\sercy\documents\further studies\clips\clips_windows_projects_640\mvs_2017\clipsclrwrapper\intermediate\x64\release\factrete.obj
c:\users\sercy\documents\further studies\clips\clips_windows_projects_640\mvs_2017\clipsclrwrapper\intermediate\x64\release\factqury.obj
c:\users\sercy\documents\further studies\clips\clips_windows_projects_640\mvs_2017\clipsclrwrapper\intermediate\x64\release\factqpsr.obj
c:\users\sercy\documents\further studies\clips\clips_windows_projects_640\mvs_2017\clipsclrwrapper\intermediate\x64\release\factprt.obj
c:\users\sercy\documents\further studies\clips\clips_windows_projects_640\mvs_2017\clipsclrwrapper\intermediate\x64\release\factmngr.obj
c:\users\sercy\documents\further studies\clips\clips_windows_projects_640\mvs_2017\clipsclrwrapper\intermediate\x64\release\factmch.obj
c:\users\sercy\documents\further studies\clips\clips_windows_projects_640\mvs_2017\clipsclrwrapper\intermediate\x64\release\factlhs.obj
c:\users\sercy\documents\further studies\clips\clips_windows_projects_640\mvs_2017\clipsclrwrapper\intermediate\x64\release\miscfun.obj
c:\users\sercy\documents\further studies\clips\clips_windows_projects_640\mvs_2017\clipsclrwrapper\intermediate\x64\release\memalloc.obj
c:\users\sercy\documents\further studies\clips\clips_windows_projects_640\mvs_2017\clipsclrwrapper\intermediate\x64\release\lgcldpnd.obj
c:\users\sercy\documents\further studies\clips\clips_windows_projects_640\mvs_2017\clipsclrwrapper\intermediate\x64\release\iofun.obj
c:\users\sercy\documents\further studies\clips\clips_windows_projects_640\mvs_2017\clipsclrwrapper\intermediate\x64\release\insqypsr.obj
c:\users\sercy\documents\further studies\clips\clips_windows_projects_640\mvs_2017\clipsclrwrapper\intermediate\x64\release\insquery.obj
c:\users\sercy\documents\further studies\clips\clips_windows_projects_640\mvs_2017\clipsclrwrapper\intermediate\x64\release\inspsr.obj
c:\users\sercy\documents\further studies\clips\clips_windows_projects_640\mvs_2017\clipsclrwrapper\intermediate\x64\release\insmult.obj
c:\users\sercy\documents\further studies\clips\clips_windows_projects_640\mvs_2017\clipsclrwrapper\intermediate\x64\release\insmoddp.obj
c:\users\sercy\documents\further studies\clips\clips_windows_projects_640\mvs_2017\clipsclrwrapper\intermediate\x64\release\insmngr.obj
c:\users\sercy\documents\further studies\clips\clips_windows_projects_640\mvs_2017\clipsclrwrapper\intermediate\x64\release\insfun.obj
c:\users\sercy\documents\further studies\clips\clips_windows_projects_640\mvs_2017\clipsclrwrapper\intermediate\x64\release\insfile.obj
c:\users\sercy\documents\further studies\clips\clips_windows_projects_640\mvs_2017\clipsclrwrapper\intermediate\x64\release\inscom.obj
c:\users\sercy\documents\further studies\clips\clips_windows_projects_640\mvs_2017\clipsclrwrapper\intermediate\x64\release\inherpsr.obj
c:\users\sercy\documents\further studies\clips\clips_windows_projects_640\mvs_2017\clipsclrwrapper\intermediate\x64\release\incrrset.obj
c:\users\sercy\documents\further studies\clips\clips_windows_projects_640\mvs_2017\clipsclrwrapper\intermediate\x64\release\immthpsr.obj
c:\users\sercy\documents\further studies\clips\clips_windows_projects_640\mvs_2017\clipsclrwrapper\intermediate\x64\release\globlpsr.obj
c:\users\sercy\documents\further studies\clips\clips_windows_projects_640\mvs_2017\clipsclrwrapper\intermediate\x64\release\globldef.obj
c:\users\sercy\documents\further studies\clips\clips_windows_projects_640\mvs_2017\clipsclrwrapper\intermediate\x64\release\globlcom.obj
c:\users\sercy\documents\further studies\clips\clips_windows_projects_640\mvs_2017\clipsclrwrapper\intermediate\x64\release\globlcmp.obj
c:\users\sercy\documents\further studies\clips\clips_windows_projects_640\mvs_2017\clipsclrwrapper\intermediate\x64\release\objrtmch.obj
c:\users\sercy\documents\further studies\clips\clips_windows_projects_640\mvs_2017\clipsclrwrapper\intermediate\x64\release\objrtgen.obj
c:\users\sercy\documents\further studies\clips\clips_windows_projects_640\mvs_2017\clipsclrwrapper\intermediate\x64\release\objrtfnx.obj
c:\users\sercy\documents\further studies\clips\clips_windows_projects_640\mvs_2017\clipsclrwrapper\intermediate\x64\release\objrtcmp.obj
c:\users\sercy\documents\further studies\clips\clips_windows_projects_640\mvs_2017\clipsclrwrapper\intermediate\x64\release\objrtbld.obj
c:\users\sercy\documents\further studies\clips\clips_windows_projects_640\mvs_2017\clipsclrwrapper\intermediate\x64\release\objrtbin.obj
c:\users\sercy\documents\further studies\clips\clips_windows_projects_640\mvs_2017\clipsclrwrapper\intermediate\x64\release\objcmp.obj
c:\users\sercy\documents\further studies\clips\clips_windows_projects_640\mvs_2017\clipsclrwrapper\intermediate\x64\release\objbin.obj
c:\users\sercy\documents\further studies\clips\clips_windows_projects_640\mvs_2017\clipsclrwrapper\intermediate\x64\release\multifun.obj
c:\users\sercy\documents\further studies\clips\clips_windows_projects_640\mvs_2017\clipsclrwrapper\intermediate\x64\release\multifld.obj
c:\users\sercy\documents\further studies\clips\clips_windows_projects_640\mvs_2017\clipsclrwrapper\intermediate\x64\release\msgpsr.obj
c:\users\sercy\documents\further studies\clips\clips_windows_projects_640\mvs_2017\clipsclrwrapper\intermediate\x64\release\msgpass.obj
c:\users\sercy\documents\further studies\clips\clips_windows_projects_640\mvs_2017\clipsclrwrapper\intermediate\x64\release\msgfun.obj
c:\users\sercy\documents\further studies\clips\clips_windows_projects_640\mvs_2017\clipsclrwrapper\intermediate\x64\release\msgcom.obj
c:\users\sercy\documents\further studies\clips\clips_windows_projects_640\mvs_2017\clipsclrwrapper\intermediate\x64\release\modulutl.obj
c:\users\sercy\documents\further studies\clips\clips_windows_projects_640\mvs_2017\clipsclrwrapper\intermediate\x64\release\modulpsr.obj
c:\users\sercy\documents\further studies\clips\clips_windows_projects_640\mvs_2017\clipsclrwrapper\intermediate\x64\release\moduldef.obj
c:\users\sercy\documents\further studies\clips\clips_windows_projects_640\mvs_2017\clipsclrwrapper\intermediate\x64\release\modulcmp.obj
c:\users\sercy\documents\further studies\clips\clips_windows_projects_640\mvs_2017\clipsclrwrapper\intermediate\x64\release\modulbsc.obj
c:\users\sercy\documents\further studies\clips\clips_windows_projects_640\mvs_2017\clipsclrwrapper\intermediate\x64\release\modulbin.obj
c:\users\sercy\documents\further studies\clips\clips_windows_projects_640\mvs_2017\clipsclrwrapper\intermediate\x64\release\ruledef.obj
c:\users\sercy\documents\further studies\clips\clips_windows_projects_640\mvs_2017\clipsclrwrapper\intermediate\x64\release\rulecstr.obj
c:\users\sercy\documents\further studies\clips\clips_windows_projects_640\mvs_2017\clipsclrwrapper\intermediate\x64\release\rulecom.obj
c:\users\sercy\documents\further studies\clips\clips_windows_projects_640\mvs_2017\clipsclrwrapper\intermediate\x64\release\rulecmp.obj
c:\users\sercy\documents\further studies\clips\clips_windows_projects_640\mvs_2017\clipsclrwrapper\intermediate\x64\release\rulebsc.obj
c:\users\sercy\documents\further studies\clips\clips_windows_projects_640\mvs_2017\clipsclrwrapper\intermediate\x64\release\rulebld.obj
c:\users\sercy\documents\further studies\clips\clips_windows_projects_640\mvs_2017\clipsclrwrapper\intermediate\x64\release\rulebin.obj
c:\users\sercy\documents\further studies\clips\clips_windows_projects_640\mvs_2017\clipsclrwrapper\intermediate\x64\release\router.obj
c:\users\sercy\documents\further studies\clips\clips_windows_projects_640\mvs_2017\clipsclrwrapper\intermediate\x64\release\retract.obj
c:\users\sercy\documents\further studies\clips\clips_windows_projects_640\mvs_2017\clipsclrwrapper\intermediate\x64\release\reteutil.obj
c:\users\sercy\documents\further studies\clips\clips_windows_projects_640\mvs_2017\clipsclrwrapper\intermediate\x64\release\reorder.obj
c:\users\sercy\documents\further studies\clips\clips_windows_projects_640\mvs_2017\clipsclrwrapper\intermediate\x64\release\proflfun.obj
c:\users\sercy\documents\further studies\clips\clips_windows_projects_640\mvs_2017\clipsclrwrapper\intermediate\x64\release\prntutil.obj
c:\users\sercy\documents\further studies\clips\clips_windows_projects_640\mvs_2017\clipsclrwrapper\intermediate\x64\release\prdctfun.obj
c:\users\sercy\documents\further studies\clips\clips_windows_projects_640\mvs_2017\clipsclrwrapper\intermediate\x64\release\prcdrpsr.obj
c:\users\sercy\documents\further studies\clips\clips_windows_projects_640\mvs_2017\clipsclrwrapper\intermediate\x64\release\prcdrfun.obj
c:\users\sercy\documents\further studies\clips\clips_windows_projects_640\mvs_2017\clipsclrwrapper\intermediate\x64\release\prccode.obj
c:\users\sercy\documents\further studies\clips\clips_windows_projects_640\mvs_2017\clipsclrwrapper\intermediate\x64\release\pprint.obj
c:\users\sercy\documents\further studies\clips\clips_windows_projects_640\mvs_2017\clipsclrwrapper\intermediate\x64\release\pattern.obj
c:\users\sercy\documents\further studies\clips\clips_windows_projects_640\mvs_2017\clipsclrwrapper\intermediate\x64\release\parsefun.obj
c:\users\sercy\documents\further studies\clips\clips_windows_projects_640\mvs_2017\clipsclrwrapper\intermediate\x64\release\tmpltrhs.obj
c:\users\sercy\documents\further studies\clips\clips_windows_projects_640\mvs_2017\clipsclrwrapper\intermediate\x64\release\tmpltpsr.obj
c:\users\sercy\documents\further studies\clips\clips_windows_projects_640\mvs_2017\clipsclrwrapper\intermediate\x64\release\tmpltlhs.obj
c:\users\sercy\documents\further studies\clips\clips_windows_projects_640\mvs_2017\clipsclrwrapper\intermediate\x64\release\tmpltfun.obj
c:\users\sercy\documents\further studies\clips\clips_windows_projects_640\mvs_2017\clipsclrwrapper\intermediate\x64\release\tmpltdef.obj
c:\users\sercy\documents\further studies\clips\clips_windows_projects_640\mvs_2017\clipsclrwrapper\intermediate\x64\release\tmpltcmp.obj
c:\users\sercy\documents\further studies\clips\clips_windows_projects_640\mvs_2017\clipsclrwrapper\intermediate\x64\release\tmpltbsc.obj
c:\users\sercy\documents\further studies\clips\clips_windows_projects_640\mvs_2017\clipsclrwrapper\intermediate\x64\release\tmpltbin.obj
c:\users\sercy\documents\further studies\clips\clips_windows_projects_640\mvs_2017\clipsclrwrapper\intermediate\x64\release\textpro.obj
c:\users\sercy\documents\further studies\clips\clips_windows_projects_640\mvs_2017\clipsclrwrapper\intermediate\x64\release\sysdep.obj
c:\users\sercy\documents\further studies\clips\clips_windows_projects_640\mvs_2017\clipsclrwrapper\intermediate\x64\release\symbol.obj
c:\users\sercy\documents\further studies\clips\clips_windows_projects_640\mvs_2017\clipsclrwrapper\intermediate\x64\release\symblcmp.obj
c:\users\sercy\documents\further studies\clips\clips_windows_projects_640\mvs_2017\clipsclrwrapper\intermediate\x64\release\symblbin.obj
c:\users\sercy\documents\further studies\clips\clips_windows_projects_640\mvs_2017\clipsclrwrapper\intermediate\x64\release\strngrtr.obj
c:\users\sercy\documents\further studies\clips\clips_windows_projects_640\mvs_2017\clipsclrwrapper\intermediate\x64\release\strngfun.obj
c:\users\sercy\documents\further studies\clips\clips_windows_projects_640\mvs_2017\clipsclrwrapper\intermediate\x64\release\sortfun.obj
c:\users\sercy\documents\further studies\clips\clips_windows_projects_640\mvs_2017\clipsclrwrapper\intermediate\x64\release\scanner.obj
c:\users\sercy\documents\further studies\clips\clips_windows_projects_640\mvs_2017\clipsclrwrapper\intermediate\x64\release\rulepsr.obj
c:\users\sercy\documents\further studies\clips\clips_windows_projects_640\mvs_2017\clipsclrwrapper\intermediate\x64\release\rulelhs.obj
c:\users\sercy\documents\further studies\clips\clips_windows_projects_640\mvs_2017\clipsclrwrapper\intermediate\x64\release\ruledlt.obj
c:\users\sercy\documents\further studies\clips\clips_windows_projects_640\mvs_2017\clipsclrwrapper\intermediate\x64\release\clipsnet_userfunction.obj
c:\users\sercy\documents\further studies\clips\clips_windows_projects_640\mvs_2017\clipsclrwrapper\intermediate\x64\release\clipsnet_slotvalue.obj
c:\users\sercy\documents\further studies\clips\clips_windows_projects_640\mvs_2017\clipsclrwrapper\intermediate\x64\release\clipsnet_router.obj
c:\users\sercy\documents\further studies\clips\clips_windows_projects_640\mvs_2017\clipsclrwrapper\intermediate\x64\release\clipsnet_periodiccallback.obj
c:\users\sercy\documents\further studies\clips\clips_windows_projects_640\mvs_2017\clipsclrwrapper\intermediate\x64\release\clipsnet_parsererrorcallback.obj
c:\users\sercy\documents\further studies\clips\clips_windows_projects_640\mvs_2017\clipsclrwrapper\intermediate\x64\release\clipsnet_module.obj
c:\users\sercy\documents\further studies\clips\clips_windows_projects_640\mvs_2017\clipsclrwrapper\intermediate\x64\release\clipsnet_focusstack.obj
c:\users\sercy\documents\further studies\clips\clips_windows_projects_640\mvs_2017\clipsclrwrapper\intermediate\x64\release\clipsnet_focus.obj
c:\users\sercy\documents\further studies\clips\clips_windows_projects_640\mvs_2017\clipsclrwrapper\intermediate\x64\release\clipsnet_factinstance.obj
c:\users\sercy\documents\further studies\clips\clips_windows_projects_640\mvs_2017\clipsclrwrapper\intermediate\x64\release\clipsnet_exceptions.obj
c:\users\sercy\documents\further studies\clips\clips_windows_projects_640\mvs_2017\clipsclrwrapper\intermediate\x64\release\clipsnet_environment.obj
c:\users\sercy\documents\further studies\clips\clips_windows_projects_640\mvs_2017\clipsclrwrapper\intermediate\x64\release\clipsnet_agenda.obj
c:\users\sercy\documents\further studies\clips\clips_windows_projects_640\mvs_2017\clipsclrwrapper\intermediate\x64\release\clipsnet_activation.obj
c:\users\sercy\documents\further studies\clips\clips_windows_projects_640\mvs_2017\clipsclrwrapper\intermediate\x64\release\clipsclrassemblyinfo.obj
c:\users\sercy\documents\further studies\clips\clips_windows_projects_640\mvs_2017\clipsclrwrapper\intermediate\x64\release\clipscpplib.obj
c:\users\sercy\documents\further studies\clips\clips_windows_projects_640\mvs_2017\clipsclrwrapper\intermediate\x64\release\watch.obj
c:\users\sercy\documents\further studies\clips\clips_windows_projects_640\mvs_2017\clipsclrwrapper\intermediate\x64\release\utility.obj
c:\users\sercy\documents\further studies\clips\clips_windows_projects_640\mvs_2017\clipsclrwrapper\intermediate\x64\release\userfunctions.obj
c:\users\sercy\documents\further studies\clips\clips_windows_projects_640\mvs_2017\clipsclrwrapper\intermediate\x64\release\userdata.obj
c:\users\sercy\documents\further studies\clips\clips_windows_projects_640\mvs_2017\clipsclrwrapper\intermediate\x64\release\tmpltutl.obj
c:\users\sercy\documents\further studies\clips\clips_windows_projects_640\mvs_2017\clipsclrwrapper\intermediate\x64\release\clipsnet_values.obj
c:\users\sercy\documents\further studies\clips\clips_windows_projects_640\mvs_2017\clipsclrwrapper\intermediate\x64\release\.netframework,version=v4.6.1.assemblyattributes.obj
c:\users\sercy\documents\further studies\clips\clips_windows_projects_640\mvs_2017\clipsclrwrapper\intermediate\x64\release\.netframework,version=v4.6.1.assemblyattributes.asm
c:\users\sercy\documents\further studies\clips\clips_windows_projects_640\mvs_2017\clipsclrwrapper\libraries\x64\release\clipsclrwrapper.dll
c:\users\sercy\documents\further studies\clips\clips_windows_projects_640\mvs_2017\clipsclrwrapper\libraries\x64\release\clipsclrwrapper.pdb
c:\users\sercy\documents\further studies\clips\clips_windows_projects_640\mvs_2017\clipsclrwrapper\intermediate\x64\release\clipsclrwrapper.tlog\cl.command.1.tlog
c:\users\sercy\documents\further studies\clips\clips_windows_projects_640\mvs_2017\clipsclrwrapper\intermediate\x64\release\clipsclrwrapper.tlog\cl.read.1.tlog
c:\users\sercy\documents\further studies\clips\clips_windows_projects_640\mvs_2017\clipsclrwrapper\intermediate\x64\release\clipsclrwrapper.tlog\cl.write.1.tlog
c:\users\sercy\documents\further studies\clips\clips_windows_projects_640\mvs_2017\clipsclrwrapper\intermediate\x64\release\clipsclrwrapper.tlog\link.command.1.tlog
c:\users\sercy\documents\further studies\clips\clips_windows_projects_640\mvs_2017\clipsclrwrapper\intermediate\x64\release\clipsclrwrapper.tlog\link.read.1.tlog
c:\users\sercy\documents\further studies\clips\clips_windows_projects_640\mvs_2017\clipsclrwrapper\intermediate\x64\release\clipsclrwrapper.tlog\link.write.1.tlog
c:\users\sercy\documents\further studies\clips\clips_windows_projects_640\mvs_2017\clipsclrwrapper\intermediate\x64\release\clipsclrwrapper.tlog\metagen.read.1.tlog
c:\users\sercy\documents\further studies\clips\clips_windows_projects_640\mvs_2017\clipsclrwrapper\intermediate\x64\release\clipsclrwrapper.tlog\metagen.write.1.tlog
c:\users\sercy\documents\further studies\clips\clips_windows_projects_640\mvs_2017\clipsclrwrapper\intermediate\x64\release\clipsclrwrapper.tlog\tzres.dll.bi
